<?xml version="1.0" encoding="UTF-8"?>
<!-- Generated by org.testng.reporters.JUnitReportReporter -->
<testsuite hostname="NTB-257" failures="0" tests="1" name="Academy.AgainSomething.WindowAuthPopup234" time="14.927" errors="0" timestamp="2022-11-02T17:51:57 CET" skipped="0">
  <testcase classname="Academy.AgainSomething.WindowAuthPopup234" name="UploadPDFFileAutoITTestCase236237239" time="14.927"/>
  <system-out/>
</testsuite> <!-- Academy.AgainSomething.WindowAuthPopup234 -->
